<?xml version="1.0" encoding="UTF-8"?>
<robot generator="Robot 4.1.3 (Python 3.10.2 on win32)" generated="20220311 18:53:06.408" rpa="false" schemaversion="2">
<suite id="s1" name="searchProductTests" source="c:\Users\NobleProg\workspace-robot\AmazonProject\tests\searchProductTests.robot">
<test id="s1-t1" name="Search a product with a category">
<kw name="Open the browser and navigates to homepage" library="baseTest" type="SETUP">
<arg>${browserType}</arg>
<arg>${baseUrl}</arg>
<kw name="Open Browser" library="SeleniumLibrary">
<arg>browser=${browserType}</arg>
<arg>url=${baseUrl}</arg>
<doc>Opens a new browser instance to the optional ``url``.</doc>
<msg timestamp="20220311 18:53:06.928" level="INFO">Opening browser 'Chrome' to base url 'https://www.amazon.in'.</msg>
<status status="PASS" starttime="20220311 18:53:06.927" endtime="20220311 18:53:11.973"/>
</kw>
<status status="PASS" starttime="20220311 18:53:06.925" endtime="20220311 18:53:11.974"/>
</kw>
<kw name="When User search for a product Apple watch with category Electronics" library="searchPage" sourcename="User search for a product ${product} with category ${category}">
<kw name="Hello World" library="AmazonCustomeKeywords">
<msg timestamp="20220311 18:53:11.978" level="INFO">Hello world! This is my first keyword</msg>
<status status="PASS" starttime="20220311 18:53:11.977" endtime="20220311 18:53:11.979"/>
</kw>
<kw name="Input Text" library="SeleniumLibrary">
<arg>${searchbox}</arg>
<arg>${product}</arg>
<doc>Types the given ``text`` into the text field identified by ``locator``.</doc>
<msg timestamp="20220311 18:53:11.981" level="INFO">Typing text 'Apple watch' into text field 'id:twotabsearchtextbox'.</msg>
<status status="PASS" starttime="20220311 18:53:11.980" endtime="20220311 18:53:12.826"/>
</kw>
<kw name="Select From List By Label" library="SeleniumLibrary">
<arg>${searchDropdown}</arg>
<arg>${category}</arg>
<doc>Selects options from selection list ``locator`` by ``labels``.</doc>
<msg timestamp="20220311 18:53:12.828" level="INFO">Selecting options from selection list 'id:searchDropdownBox' by label Electronics.</msg>
<status status="PASS" starttime="20220311 18:53:12.827" endtime="20220311 18:53:13.082"/>
</kw>
<kw name="Click Element" library="SeleniumLibrary">
<arg>${searchButton}</arg>
<doc>Click the element identified by ``locator``.</doc>
<msg timestamp="20220311 18:53:13.084" level="INFO">Clicking element 'id:nav-search-submit-button'.</msg>
<status status="PASS" starttime="20220311 18:53:13.083" endtime="20220311 18:53:15.743"/>
</kw>
<status status="PASS" starttime="20220311 18:53:11.977" endtime="20220311 18:53:15.744"/>
</kw>
<kw name="Then User gets a list of products" library="searchPage">
<kw name="Print All Products From List" library="AmazonCustomeKeywords">
<arg>${allProducts}</arg>
<msg timestamp="20220311 18:53:18.642" level="INFO">Sponsored
Apple Watch Series 7 (GPS + Cellular, 45mm) - Blue Aluminium Case with Abyss Blue Sport Band - Regular
788
₹53,900
Flat INR 3000 Off on ICICI Credit...
Get it by Today, March 12
FREE Delivery by Amazon
Sponsored
Apple Watch SE (GPS, 44mm) - Space Grey Aluminium Case with Black Sport Band
7,909
₹30,900
₹32,900 (6% off)
Flat INR 2000 Off on SBI Cards
Get it by Tomorrow, March 13
FREE Delivery by Amazon
Sponsored
New Apple Watch Series 6 (GPS + Cellular, 40mm) - Graphite Stainless Steel Case with Black Sport Band
1,809
₹69,900
Get it by Today, March 12
FREE Delivery by Amazon
Apple Watch SE (GPS, 44mm) - Space Grey Aluminium Case with Black Sport Band
7,909
₹30,900
₹32,900 (6% off)
Flat INR 2000 Off on SBI Cards
Get it by Tomorrow, March 13
FREE Delivery by Amazon
Apple Watch Series 7 (GPS + Cellular, 45mm) - Midnight Aluminium Case with Midnight Sport Band - Regular
788
₹53,900
Flat INR 3000 Off on ICICI Credit...
Get it by Today, March 12
FREE Delivery by Amazon
Apple Watch Series 7 (GPS, 41mm) - Blue Aluminium Case with Abyss Blue Sport Band - Regular
788
₹41,900
Flat INR 3000 Off on ICICI Credit...
Get it by Today, March 12
FREE Delivery by Amazon
Apple Watch SE (GPS, 44mm) - Gold Aluminium Case with Starlight Sport Band - Regular
7,909
Limited time deal
₹29,900
₹32,900 (9% off)
Flat INR 2000 Off on Kotak Bank...
FREE Delivery by Amazon
Apple Watch SE (GPS, 40mm) - Silver Aluminium Case with Abyss Blue Sport Band - Regular
7,909
₹29,900
Flat INR 2000 Off on Kotak Bank...
FREE Delivery by Amazon
Apple Watch Series 7 (GPS + Cellular, 45mm) - Starlight Aluminium Case with Starlight Sport Band - Regular
788
₹53,900
Flat INR 3000 Off on ICICI Credit...
Get it by Today, March 12
FREE Delivery by Amazon
Apple Watch SE (GPS, 44mm) - Space Grey Aluminium Case with Midnight Sport Band - Regular
7,909
₹32,900
Flat INR 2000 Off on Kotak Bank...
Get it by Today, March 12
FREE Delivery by Amazon
Apple Watch SE (GPS, 40mm) - Space Grey Aluminium Case with Midnight Sport Band - Regular
7,909
₹29,900
Flat INR 2000 Off on Kotak Bank...
FREE Delivery by Amazon
Only 1 left in stock.
Apple Watch Series 7 (GPS + Cellular, 41mm) - Midnight Aluminium Case with Midnight Sport Band - Regular
788
₹50,900
Flat INR 3000 Off on ICICI Credit...
Get it by Today, March 12
FREE Delivery by Amazon
Apple Watch SE (GPS + Cellular, 40mm) - Space Grey Aluminium Case with Midnight Sport Band - Regular
7,909
₹33,900
Flat INR 2000 Off on Kotak Bank...
Get it by Tomorrow, March 13
FREE Delivery by Amazon
Apple Watch Series 7 (GPS, 45mm) - Blue Aluminium Case with Abyss Blue Sport Band - Regular
788
₹44,900
Flat INR 3000 Off on ICICI Credit...
Get it by Today, March 12
FREE Delivery by Amazon
Apple Watch Series 7 (GPS + Cellular, 45mm) - Blue Aluminium Case with Abyss Blue Sport Band - Regular
788
₹53,900
Flat INR 3000 Off on ICICI Credit...
Get it by Today, March 12
FREE Delivery by Amazon
Apple Watch Series 7 (GPS, 41mm) - Midnight Aluminium Case with Midnight Sport Band - Regular
788
₹41,900
Flat INR 3000 Off on ICICI Credit...
Get it by Today, March 12
FREE Delivery by Amazon
Apple Watch SE (GPS + Cellular, 44mm) - Space Grey Aluminium Case with Midnight Sport Band - Regular
27
₹36,900
Flat INR 2000 Off on Kotak Bank...
Get it by Today, March 12
FREE Delivery by Amazon
Apple Watch Series 7 (GPS, 45mm) - Starlight Aluminium Case with Starlight Sport Band - Regular
788
₹44,900
Flat INR 3000 Off on ICICI Credit...
Get it by Tomorrow, March 13
FREE Delivery by Amazon
Apple Watch Series 7 (GPS, 45mm) - Midnight Aluminium Case with Midnight Sport Band - Regular
788
₹44,900
Flat INR 3000 Off on ICICI Credit...
FREE Delivery by Amazon
Apple Watch Series 7 (GPS + Cellular, 45mm) - Green Aluminium Case with Clover Sport Band - Regular
788
₹53,900
Flat INR 3000 Off on ICICI Credit...
Get it by Today, March 12
FREE Delivery by Amazon
Apple Watch Series 7 (GPS + Cellular, 41mm) - Blue Aluminium Case with Abyss Blue Sport Band - Regular
788
₹50,900
Flat INR 3000 Off on ICICI Credit...
Get it by Today, March 12
FREE Delivery by Amazon
Apple Watch Series 7 (GPS, 45mm) - Green Aluminium Case with Clover Sport Band - Regular
788
₹44,900
Flat INR 3000 Off on ICICI Credit...
Get it by Today, March 12
FREE Delivery by Amazon
Apple Watch Series 7 (GPS, 45mm) - (Product) RED Aluminium Case with (Product) RED Sport Band - Regular
788
₹44,900
Flat INR 3000 Off on ICICI Credit...
Get it by Tomorrow, March 13
FREE Delivery by Amazon
Apple Watch SE (GPS, 40mm) - Gold Aluminium Case with Starlight Sport Band - Regular
7,909
₹29,900
Flat INR 2000 Off on Kotak Bank...
FREE Delivery by Amazon
Apple Watch Series 7 (GPS, 41mm) - Green Aluminium Case with Clover Sport Band - Regular
788
₹41,900
Flat INR 3000 Off on ICICI Credit...
Get it by Tomorrow, March 13
FREE Delivery by Amazon
Apple Watch Series 7 (GPS, 41mm) - Starlight Aluminium Case with Starlight Sport Band - Regular
788
₹41,900
Flat INR 3000 Off on ICICI Credit...
FREE Delivery by Amazon
Only 1 left in stock.
New Apple Watch Series 6 (GPS + Cellular, 44mm) - Graphite Stainless Steel Case with Black Sport Band
1,809
₹73,900
Get it by Tomorrow, March 13
FREE Delivery by Amazon
Only 2 left in stock.</msg>
<status status="PASS" starttime="20220311 18:53:15.746" endtime="20220311 18:53:18.643"/>
</kw>
<status status="PASS" starttime="20220311 18:53:15.746" endtime="20220311 18:53:18.644"/>
</kw>
<kw name="And User selects the 5 product" library="searchPage">
<kw name="Get WebElements" library="SeleniumLibrary">
<var>${products}</var>
<arg>${allProducts}</arg>
<doc>Returns a list of WebElement objects matching the ``locator``.</doc>
<msg timestamp="20220311 18:53:18.682" level="INFO">${products} = [&lt;selenium.webdriver.remote.webelement.WebElement (session="209e3436257a35594ba6f98d4985eb39", element="7c3a7f41-4ddf-4b89-8374-325086b764f7")&gt;, &lt;selenium.webdriver.remote.webelement.WebElement (sessi...</msg>
<status status="PASS" starttime="20220311 18:53:18.646" endtime="20220311 18:53:18.683"/>
</kw>
<kw name="Get From List" library="Collections">
<var>${particularProduct}</var>
<arg>${products}</arg>
<arg>5</arg>
<doc>Returns the value specified with an ``index`` from ``list``.</doc>
<msg timestamp="20220311 18:53:18.685" level="INFO">${particularProduct} = &lt;selenium.webdriver.remote.webelement.WebElement (session="209e3436257a35594ba6f98d4985eb39", element="3eb2b6de-7b07-42be-a9ac-5d10bf409768")&gt;</msg>
<status status="PASS" starttime="20220311 18:53:18.683" endtime="20220311 18:53:18.685"/>
</kw>
<kw name="Get Text" library="SeleniumLibrary">
<var>${productText}</var>
<arg>${particularProduct}</arg>
<doc>Returns the text value of the element identified by ``locator``.</doc>
<msg timestamp="20220311 18:53:18.767" level="INFO">${productText} = Apple Watch Series 7 (GPS, 41mm) - Blue Aluminium Case with Abyss Blue Sport Band - Regular
788
₹41,900
Flat INR 3000 Off on ICICI Credit...
Get it by Today, March 12
FREE Delivery by Amazon</msg>
<status status="PASS" starttime="20220311 18:53:18.686" endtime="20220311 18:53:18.767"/>
</kw>
<kw name="Log" library="BuiltIn">
<arg>${productText}</arg>
<doc>Logs the given message with the given level.</doc>
<msg timestamp="20220311 18:53:18.768" level="INFO">Apple Watch Series 7 (GPS, 41mm) - Blue Aluminium Case with Abyss Blue Sport Band - Regular
788
₹41,900
Flat INR 3000 Off on ICICI Credit...
Get it by Today, March 12
FREE Delivery by Amazon</msg>
<status status="PASS" starttime="20220311 18:53:18.767" endtime="20220311 18:53:18.768"/>
</kw>
<status status="PASS" starttime="20220311 18:53:18.645" endtime="20220311 18:53:18.769"/>
</kw>
<kw name="Close the browser" library="baseTest" type="TEARDOWN">
<kw name="Close All Browsers" library="SeleniumLibrary">
<doc>Closes all open browsers and resets the browser cache.</doc>
<status status="PASS" starttime="20220311 18:53:18.772" endtime="20220311 18:53:21.076"/>
</kw>
<status status="PASS" starttime="20220311 18:53:18.771" endtime="20220311 18:53:21.077"/>
</kw>
<status status="PASS" starttime="20220311 18:53:06.923" endtime="20220311 18:53:21.078"/>
</test>
<status status="PASS" starttime="20220311 18:53:06.418" endtime="20220311 18:53:21.082"/>
</suite>
<statistics>
<total>
<stat pass="1" fail="0" skip="0">All Tests</stat>
</total>
<tag>
</tag>
<suite>
<stat pass="1" fail="0" skip="0" id="s1" name="searchProductTests">searchProductTests</stat>
</suite>
</statistics>
<errors>
</errors>
</robot>
